app/build/intermediates/manifest_merge_blame_file/debug/manifest-merger-blame-debug-report.txt
1<?xml version="1.0" encoding="utf-8"?>
2<!--
3  ~ Copyright 2015 Department of Computer Science and Engineering, University of Moratuwa.
4  ~ Licensed under the Apache License, Version 2.0 (the "License");
5  ~ you may not use this file except in compliance with the License.
6  ~ You may obtain a copy of the License at
7  ~
8  ~                  http://www.apache.org/licenses/LICENSE-2.0
9  ~
10  ~ Unless required by applicable law or agreed to in writing, software
11  ~ distributed under the License is distributed on an "AS IS" BASIS,
12  ~ WITHOUT WARRANTIES OR CONDITIONS OF ANY KIND, either express or implied.
13  ~ See the License for the specific language governing permissions and
14  ~ limitations under the License.
15  ~
16-->
17<manifest xmlns:android="http://schemas.android.com/apk/res/android"
18    package="lk.ac.mrt.cse.dbs.simpleexpensemanager"
19    android:versionCode="1"
20    android:versionName="1.0" >
21
22    <uses-sdk
23        android:minSdkVersion="19"
23-->src\main\AndroidManifest.xml
24        android:targetSdkVersion="26" />
24-->src\main\AndroidManifest.xml
25
26    <uses-permission android:name="android.permission.WRITE_EXTERNAL_STORAGE" />
26-->src\main\AndroidManifest.xml:24:5-81
26-->src\main\AndroidManifest.xml:24:22-78
27    <uses-permission android:name="android.permission.INTERNET" />
27-->src\main\AndroidManifest.xml:25:5-67
27-->src\main\AndroidManifest.xml:25:22-64
28
29    <application
29-->src\main\AndroidManifest.xml:28:5-49:19
30        android:allowBackup="true"
30-->src\main\AndroidManifest.xml:30:9-35
31        android:debuggable="true"
32        android:hardwareAccelerated="false"
32-->src\main\AndroidManifest.xml:31:9-44
33        android:icon="@mipmap/ic_launcher"
33-->src\main\AndroidManifest.xml:32:9-43
34        android:label="@string/app_name"
34-->src\main\AndroidManifest.xml:33:9-41
35        android:largeHeap="true"
35-->src\main\AndroidManifest.xml:34:9-33
36        android:supportsRtl="true"
36-->src\main\AndroidManifest.xml:35:9-35
37        android:testOnly="true"
38        android:theme="@style/AppTheme"
38-->src\main\AndroidManifest.xml:36:9-40
39        android:usesCleartextTraffic="true" >
39-->src\main\AndroidManifest.xml:29:9-44
40        <uses-library
40-->src\main\AndroidManifest.xml:37:9-87
41            android:name="org.apache.http.legacy"
41-->src\main\AndroidManifest.xml:37:23-60
42            android:required="false" />
42-->src\main\AndroidManifest.xml:37:61-85
43
44        <activity
44-->src\main\AndroidManifest.xml:38:9-48:20
45            android:name="lk.ac.mrt.cse.dbs.simpleexpensemanager.ui.MainActivity"
45-->src\main\AndroidManifest.xml:39:13-82
46            android:label="@string/app_name"
46-->src\main\AndroidManifest.xml:40:13-45
47            android:theme="@style/AppTheme.NoActionBar" >
47-->src\main\AndroidManifest.xml:41:13-56
48            <intent-filter>
48-->src\main\AndroidManifest.xml:43:13-47:29
49                <action android:name="android.intent.action.MAIN" />
49-->src\main\AndroidManifest.xml:44:17-68
49-->src\main\AndroidManifest.xml:44:25-66
50
51                <category android:name="android.intent.category.LAUNCHER" />
51-->src\main\AndroidManifest.xml:45:17-76
51-->src\main\AndroidManifest.xml:45:27-74
52            </intent-filter>
53        </activity>
54
55        <meta-data
55-->[com.android.support:design:26.1.0] AndroidManifest.xml:26:9-28:38
56            android:name="android.support.VERSION"
56-->[com.android.support:design:26.1.0] AndroidManifest.xml:27:13-51
57            android:value="26.1.0" />
57-->[com.android.support:design:26.1.0] AndroidManifest.xml:28:13-35
58        <meta-data
58-->[android.arch.lifecycle:runtime:1.0.0] AndroidManifest.xml:25:9-27:47
59            android:name="android.arch.lifecycle.VERSION"
59-->[android.arch.lifecycle:runtime:1.0.0] AndroidManifest.xml:26:13-58
60            android:value="27.0.0-SNAPSHOT" />
60-->[android.arch.lifecycle:runtime:1.0.0] AndroidManifest.xml:27:13-44
61    </application>
62
63</manifest>